#
# A fatal error has been detected by the Java Runtime Environment:
#
#  EXCEPTION_ILLEGAL_INSTRUCTION (0xc000001d) at pc=0x00007ff9598b3f30, pid=7304, tid=0x0000000000002b74
#
# JRE version:  (8.0_211-b12) (build )
# Java VM: Java HotSpot(TM) 64-Bit Server VM (25.211-b12 mixed mode windows-amd64 compressed oops)
# Problematic frame:
# C  [java.dll+0x3f30]
#
# Failed to write core dump. Minidumps are not enabled by default on client versions of Windows
#
# If you would like to submit a bug report, please visit:
#   http://bugreport.java.com/bugreport/crash.jsp
# The crash happened outside the Java Virtual Machine in native code.
# See problematic frame for where to report the bug.
#

---------------  T H R E A D  ---------------

Current thread (0x0000000002702800):  JavaThread "Unknown thread" [_thread_in_native, id=11124, stack(0x00000000025f0000,0x00000000026f0000)]

siginfo: ExceptionCode=0xc000001d

Registers:
RAX=0x00007ff9598b3f30, RBX=0x000000001b4a0508, RCX=0x00000000027029f8, RDX=0x00000000026ef048
RSP=0x00000000026eefc8, RBP=0x00000000026ef038, RSI=0x0000000002702800, RDI=0x00000000ffffffff
R8 =0x0000000000000004, R9 =0x00000000028683e0, R10=0x0000000002888c3b, R11=0x000000005920cef0
R12=0x0000000000000000, R13=0x000000001b4a0508, R14=0x00000000026ef050, R15=0x0000000002702800
RIP=0x00007ff9598b3f30, EFLAGS=0x0000000000010202

Top of Stack: (sp=0x00000000026eefc8)
0x00000000026eefc8:   0000000002888c67 0000000002702800
0x00000000026eefd8:   000000001b4a0508 0000000002702800
0x00000000026eefe8:   0000000002702800 0000000002888962
0x00000000026eeff8:   00000000026eeff8 000000001b4a0508
0x00000000026ef008:   00000000026ef050 000000001b54b388
0x00000000026ef018:   0000000000000000 000000001b4a0508
0x00000000026ef028:   0000000000000000 00000000026ef058
0x00000000026ef038:   00000000026ef098 000000000287835d
0x00000000026ef048:   000000076b4006f8 00000000028821d8
0x00000000026ef058:   00000000026ef058 000000001b4a0c98
0x00000000026ef068:   00000000026ef0a0 000000001b54b388
0x00000000026ef078:   0000000000000000 000000001b4a0ca8
0x00000000026ef088:   00000000026ef058 00000000026ef0a8
0x00000000026ef098:   00000000026ef180 00000000028708da
0x00000000026ef0a8:   cafebabecafebabe cafebabecafebabe
0x00000000026ef0b8:   0000000000000000 0000000000000000 

Instructions: (pc=0x00007ff9598b3f30)
0x00007ff9598b3f10:   07 a0 05 57 04 00 00 00 07 b0 85 51 04 00 00 00
0x00007ff9598b3f20:   07 c0 85 57 04 00 00 00 07 d0 a5 4d 04 00 00 00
0x00007ff9598b3f30:   07 e0 45 52 04 00 00 00 07 f0 05 57 04 00 00 00
0x00007ff9598b3f40:   07 00 a6 4f 04 00 00 00 07 10 86 54 04 00 00 00 


Register to memory mapping:

RAX=0x00007ff9598b3f30 is an unknown value
RBX={method} {0x000000001b4a0510} 'registerNatives' '()V' in 'java/lang/Object'
RCX=0x00000000027029f8 is an unknown value
RDX=0x00000000026ef048 is pointing into the stack for thread: 0x0000000002702800
RSP=0x00000000026eefc8 is pointing into the stack for thread: 0x0000000002702800
RBP=0x00000000026ef038 is pointing into the stack for thread: 0x0000000002702800
RSI=0x0000000002702800 is a thread
RDI=0x00000000ffffffff is an unknown value
R8 =0x0000000000000004 is an unknown value
R9 =0x00000000028683e0 is an unknown value
R10=0x0000000002888c3b is at code_begin+891 in an Interpreter codelet
method entry point (kind = native)  [0x00000000028888c0, 0x0000000002889280]  2496 bytes
R11=0x000000005920cef0 is an unknown value
R12=0x0000000000000000 is an unknown value
R13={method} {0x000000001b4a0510} 'registerNatives' '()V' in 'java/lang/Object'
R14=0x00000000026ef050 is pointing into the stack for thread: 0x0000000002702800
R15=0x0000000002702800 is a thread


Stack: [0x00000000025f0000,0x00000000026f0000],  sp=0x00000000026eefc8,  free space=1019k
Native frames: (J=compiled Java code, j=interpreted, Vv=VM code, C=native code)
C  [java.dll+0x3f30]

Java frames: (J=compiled Java code, j=interpreted, Vv=VM code)
j  java.lang.Object.registerNatives()V+0
j  java.lang.Object.<clinit>()V+0
v  ~StubRoutines::call_stub

---------------  P R O C E S S  ---------------

Java Threads: ( => current thread )
=>0x0000000002702800 JavaThread "Unknown thread" [_thread_in_native, id=11124, stack(0x00000000025f0000,0x00000000026f0000)]

Other Threads:
  0x000000001be07800 VMThread [stack: 0x000000001ce90000,0x000000001cf90000] [id=18696]

VM state:not at safepoint (normal execution)

VM Mutex/Monitor currently owned by a thread: None

heap address: 0x00000006c1c00000, size: 4068 MB, Compressed Oops mode: Zero based, Oop shift amount: 3
Narrow klass base: 0x0000000000000000, Narrow klass shift: 3
Compressed class space size: 1073741824 Address: 0x00000007c0000000

Heap:
 PSYoungGen      total 2048K, used 30K [0x000000076b400000, 0x000000076b680000, 0x00000007c0000000)
  eden space 1536K, 2% used [0x000000076b400000,0x000000076b407af0,0x000000076b580000)
  from space 512K, 0% used [0x000000076b600000,0x000000076b600000,0x000000076b680000)
  to   space 512K, 0% used [0x000000076b580000,0x000000076b580000,0x000000076b600000)
 ParOldGen       total 5632K, used 0K [0x00000006c1c00000, 0x00000006c2180000, 0x000000076b400000)
  object space 5632K, 0% used [0x00000006c1c00000,0x00000006c1c00000,0x00000006c2180000)
 Metaspace       used 779K, capacity 4480K, committed 4480K, reserved 1056768K
  class space    used 76K, capacity 384K, committed 384K, reserved 1048576K

Card table byte_map: [0x0000000011c30000,0x0000000012430000] byte_map_base: 0x000000000e622000

Marking Bits: (ParMarkBitMap*) 0x0000000059805ce0
 Begin Bits: [0x0000000012d80000, 0x0000000016d10000)
 End Bits:   [0x0000000016d10000, 0x000000001aca0000)

Polling page: 0x0000000000930000

CodeCache: size=245760Kb used=390Kb max_used=390Kb free=245369Kb
 bounds [0x0000000002870000, 0x0000000002ae0000, 0x0000000011870000]
 total_blobs=74 nmethods=0 adapters=48
 compilation: enabled

Compilation events (0 events):
No events

GC Heap History (0 events):
No events

Deoptimization events (0 events):
No events

Classes redefined (0 events):
No events

Internal exceptions (0 events):
No events

Events (10 events):
Event: 0.022 loading class java/lang/Short done
Event: 0.022 loading class java/lang/Integer
Event: 0.022 loading class java/lang/Integer done
Event: 0.022 loading class java/lang/Long
Event: 0.022 loading class java/lang/Long done
Event: 0.022 loading class java/lang/NullPointerException
Event: 0.022 loading class java/lang/NullPointerException done
Event: 0.022 loading class java/lang/ArithmeticException
Event: 0.022 loading class java/lang/ArithmeticException done
Event: 0.023 Thread 0x0000000002702800 Thread added: 0x0000000002702800


Dynamic libraries:
0x00007ff669e60000 - 0x00007ff669e67000 	C:\Program Files\Java\jdk1.8.0_211\bin\keytool.exe
0x00007ff980500000 - 0x00007ff9806f0000 	C:\WINDOWS\SYSTEM32\ntdll.dll
0x00007ff97eb60000 - 0x00007ff97ec12000 	C:\WINDOWS\System32\KERNEL32.DLL
0x00007ff97d490000 - 0x00007ff97d733000 	C:\WINDOWS\System32\KERNELBASE.dll
0x00007ff95a2e0000 - 0x00007ff95a30f000 	C:\Program Files\Java\jdk1.8.0_211\bin\jli.dll
0x0000000059970000 - 0x0000000059a42000 	C:\Program Files\Java\jdk1.8.0_211\bin\MSVCR100.dll
0x00007ff97ef60000 - 0x00007ff97f003000 	C:\WINDOWS\System32\ADVAPI32.dll
0x00007ff97eac0000 - 0x00007ff97eb5e000 	C:\WINDOWS\System32\msvcrt.dll
0x00007ff97fcd0000 - 0x00007ff97fd67000 	C:\WINDOWS\System32\sechost.dll
0x00007ff97e5e0000 - 0x00007ff97e700000 	C:\WINDOWS\System32\RPCRT4.dll
0x00007ff97f620000 - 0x00007ff97f7b4000 	C:\WINDOWS\System32\USER32.dll
0x00007ff97e0c0000 - 0x00007ff97e0e1000 	C:\WINDOWS\System32\win32u.dll
0x00007ff96cf50000 - 0x00007ff96d1d5000 	C:\WINDOWS\WinSxS\amd64_microsoft.windows.common-controls_6595b64144ccf1df_6.0.18362.592_none_e6c0b1911312be02\COMCTL32.dll
0x00007ff97f070000 - 0x00007ff97f096000 	C:\WINDOWS\System32\GDI32.dll
0x00007ff97ec20000 - 0x00007ff97ef56000 	C:\WINDOWS\System32\combase.dll
0x00007ff97e270000 - 0x00007ff97e404000 	C:\WINDOWS\System32\gdi32full.dll
0x00007ff97e0f0000 - 0x00007ff97e1ea000 	C:\WINDOWS\System32\ucrtbase.dll
0x00007ff97e020000 - 0x00007ff97e0be000 	C:\WINDOWS\System32\msvcp_win.dll
0x00007ff97e1f0000 - 0x00007ff97e270000 	C:\WINDOWS\System32\bcryptPrimitives.dll
0x00007ff97e5b0000 - 0x00007ff97e5de000 	C:\WINDOWS\System32\IMM32.DLL
0x0000000059890000 - 0x0000000059962000 	C:\Program Files\Java\jdk1.8.0_211\jre\bin\msvcr100.dll
0x0000000058fe0000 - 0x0000000059885000 	C:\Program Files\Java\jdk1.8.0_211\jre\bin\server\jvm.dll
0x00007ff97f850000 - 0x00007ff97f858000 	C:\WINDOWS\System32\PSAPI.DLL
0x00007ff961710000 - 0x00007ff961719000 	C:\WINDOWS\SYSTEM32\WSOCK32.dll
0x00007ff97b420000 - 0x00007ff97b444000 	C:\WINDOWS\SYSTEM32\WINMM.dll
0x00007ff978fe0000 - 0x00007ff978fea000 	C:\WINDOWS\SYSTEM32\VERSION.dll
0x00007ff97f7c0000 - 0x00007ff97f82f000 	C:\WINDOWS\System32\WS2_32.dll
0x00007ff97b310000 - 0x00007ff97b33d000 	C:\WINDOWS\SYSTEM32\WINMMBASE.dll
0x00007ff97e560000 - 0x00007ff97e5aa000 	C:\WINDOWS\System32\cfgmgr32.dll
0x00007ff969840000 - 0x00007ff96984f000 	C:\Program Files\Java\jdk1.8.0_211\jre\bin\verify.dll
0x00007ff9598b0000 - 0x00007ff9598d9000 	C:\Program Files\Java\jdk1.8.0_211\jre\bin\java.dll
0x00007ff961530000 - 0x00007ff961546000 	C:\Program Files\Java\jdk1.8.0_211\jre\bin\zip.dll
0x00007ff9467e0000 - 0x00007ff9469d4000 	C:\WINDOWS\SYSTEM32\dbghelp.dll

VM Arguments:
jvm_args: -Denv.class.path=.; -Dapplication.home=C:\Program Files\Java\jdk1.8.0_211 -Xms8m 
java_command: sun.security.tools.keytool.Main -exportcert -keystore C:\Users\Михаил\Desktop\Medicina\Zcorovie.tmp.jks -storepass undefined -alias undefined -file C:\Users\Михаил\Desktop\Medicina\Zcorovie.tmp.jks.cer -noprompt -storetype JKS
java_class_path (initial): C:\Program Files\Java\jdk1.8.0_211/lib/tools.jar;C:\Program Files\Java\jdk1.8.0_211/classes
Launcher Type: SUN_STANDARD

Environment Variables:
JAVA_HOME=C:\Program Files\Java\jdk1.8.0_211
CLASSPATH=.;
PATH=C:\Python27\;C:\Python27\Scripts;C:\Program Files (x86)\Common Files\Intel\Shared Libraries\redist\intel64\compiler;C:\Program Files (x86)\Common Files\Oracle\Java\javapath;C:\Windows\system32;C:\Windows;C:\Windows\System32\Wbem;C:\Windows\System32\WindowsPowerShell\v1.0\;C:\Windows\System32\OpenSSH\;C:\Program Files\NVIDIA Corporation\NVIDIA NvDLISR;C:\Program Files (x86)\NVIDIA Corporation\PhysX\Common;C:\Program Files\Git\cmd;C:\ProgramData\chocolatey\bin;C:\WINDOWS\system32;C:\WINDOWS;C:\WINDOWS\System32\Wbem;C:\WINDOWS\System32\WindowsPowerShell\v1.0\;C:\WINDOWS\System32\OpenSSH\;D:\web\php;C:\Program Files (x86)\Yarn\bin\;C:\Program Files\Java\jdk1.8.0_211\bin;C:\Program Files\nodejs\;C:\Program Files (x86)\Gpg4win\..\GnuPG\bin;E:\flutter\bin;C:\Program Files\dotnet\;C:\Program Files\PuTTY\;C:\Users\Михаил\AppData\Local\Programs\Python\Python37-32\Scripts\;C:\Users\Михаил\AppData\Local\Programs\Python\Python37-32\;C:\Users\Михаил\AppData\Local\Microsoft\WindowsApps;C:\Users\Михаил\AppData\Local\Programs\Microsoft VS Code\bin;C:\Users\Михаил\AppData\Local\GitHubDesktop\bin;C:\Users\Михаил\AppData\Local\Yarn\bin;C:\Users\Михаил\AppData\Roaming\npm;E:\IntelliJ IDEA 2020.2.3\bin;;C:\Users\Михаил\.dotnet\tools
USERNAME=Михаил
OS=Windows_NT
PROCESSOR_IDENTIFIER=Intel64 Family 6 Model 158 Stepping 9, GenuineIntel



---------------  S Y S T E M  ---------------

OS: Windows 10.0 , 64 bit Build 18362 (10.0.18362.329)

CPU:total 4 (initial active 4) (4 cores per cpu, 1 threads per core) family 6 model 158 stepping 9, cmov, cx8, fxsr, mmx, sse, sse2, sse3, ssse3, sse4.1, sse4.2, popcnt, avx, avx2, aes, clmul, erms, rtm, 3dnowpref, lzcnt, tsc, tscinvbit, bmi1, bmi2, adx

Memory: 4k page, physical 16662016k(4073596k free), swap 24887196k(3423652k free)

vm_info: Java HotSpot(TM) 64-Bit Server VM (25.211-b12) for windows-amd64 JRE (1.8.0_211-b12), built on Apr  1 2019 20:53:26 by "java_re" with MS VC++ 10.0 (VS2010)

time: Wed Jan 20 22:19:19 2021
timezone: RTZ 4 (зима)
elapsed time: 0 seconds (0d 0h 0m 0s)

